# Logfile created on 2014-04-21 15:46:37 +0000 by logger.rb/41954
I, [2014-04-21T15:46:37.036013 #3911]  INFO -- : 0:  RedCloth (4.2.9) from /home/philip/.rvm/gems/ruby-2.0.0-p353/specifications/RedCloth-4.2.9.gemspec
I, [2014-04-21T15:46:37.038781 #3911]  INFO -- : 0:  i18n (0.6.9) from /home/philip/.rvm/gems/ruby-2.0.0-p353/specifications/i18n-0.6.9.gemspec
I, [2014-04-21T15:46:37.041077 #3911]  INFO -- : 0:  json (1.8.1) from /home/philip/.rvm/gems/ruby-2.0.0-p353/specifications/json-1.8.1.gemspec
I, [2014-04-21T15:46:52.631504 #3911]  INFO -- : 0:  minitest (5.3.3) from /home/philip/.rvm/gems/ruby-2.0.0-p353/specifications/minitest-5.3.3.gemspec
I, [2014-04-21T15:46:52.633487 #3911]  INFO -- : 0:  thread_safe (0.3.3) from /home/philip/.rvm/gems/ruby-2.0.0-p353/specifications/thread_safe-0.3.3.gemspec
I, [2014-04-21T15:47:20.517507 #3911]  INFO -- : 0:  tzinfo (1.1.0) from /home/philip/.rvm/gems/ruby-2.0.0-p353/specifications/tzinfo-1.1.0.gemspec
I, [2014-04-21T15:47:41.918452 #3911]  INFO -- : 0:  activesupport (4.1.0) from /home/philip/.rvm/gems/ruby-2.0.0-p353/specifications/activesupport-4.1.0.gemspec
I, [2014-04-21T15:47:41.922932 #3911]  INFO -- : 0:  blankslate (2.1.2.4) from /home/philip/.rvm/gems/ruby-2.0.0-p353/specifications/blankslate-2.1.2.4.gemspec
I, [2014-04-21T15:47:41.924711 #3911]  INFO -- : 0:  fast-stemmer (1.0.2) from /home/philip/.rvm/gems/ruby-2.0.0-p353/specifications/fast-stemmer-1.0.2.gemspec
I, [2014-04-21T15:47:41.926767 #3911]  INFO -- : 0:  classifier (1.3.4) from /home/philip/.rvm/gems/ruby-2.0.0-p353/specifications/classifier-1.3.4.gemspec
I, [2014-04-21T15:47:41.928754 #3911]  INFO -- : 0:  colorator (0.1) from /home/philip/.rvm/gems/ruby-2.0.0-p353/specifications/colorator-0.1.gemspec
I, [2014-04-21T15:47:52.441098 #3911]  INFO -- : 0:  highline (1.6.21) from /home/philip/.rvm/gems/ruby-2.0.0-p353/specifications/highline-1.6.21.gemspec
I, [2014-04-21T15:47:52.443329 #3911]  INFO -- : 0:  commander (4.1.6) from /home/philip/.rvm/gems/ruby-2.0.0-p353/specifications/commander-4.1.6.gemspec
I, [2014-04-21T15:47:52.445286 #3911]  INFO -- : 0:  ffi (1.9.3) from /home/philip/.rvm/gems/ruby-2.0.0-p353/specifications/ffi-1.9.3.gemspec
I, [2014-04-21T15:50:34.805440 #3911]  INFO -- : 0:  gemoji (1.5.0) from /home/philip/.rvm/gems/ruby-2.0.0-p353/specifications/gemoji-1.5.0.gemspec
I, [2014-04-21T15:50:34.807519 #3911]  INFO -- : 0:  liquid (2.5.5) from /home/philip/.rvm/gems/ruby-2.0.0-p353/specifications/liquid-2.5.5.gemspec
I, [2014-04-21T15:50:34.809148 #3911]  INFO -- : 0:  rb-fsevent (0.9.4) from /home/philip/.rvm/gems/ruby-2.0.0-p353/specifications/rb-fsevent-0.9.4.gemspec
I, [2014-04-21T15:50:34.810695 #3911]  INFO -- : 0:  rb-inotify (0.9.3) from /home/philip/.rvm/gems/ruby-2.0.0-p353/specifications/rb-inotify-0.9.3.gemspec
I, [2014-04-21T15:50:34.812769 #3911]  INFO -- : 0:  rb-kqueue (0.2.2) from /home/philip/.rvm/gems/ruby-2.0.0-p353/specifications/rb-kqueue-0.2.2.gemspec
I, [2014-04-21T15:50:34.814901 #3911]  INFO -- : 0:  listen (1.3.1) from /home/philip/.rvm/gems/ruby-2.0.0-p353/specifications/listen-1.3.1.gemspec
I, [2014-04-21T15:50:34.817236 #3911]  INFO -- : 0:  maruku (0.7.0) from /home/philip/.rvm/gems/ruby-2.0.0-p353/specifications/maruku-0.7.0.gemspec
I, [2014-04-21T15:50:34.818926 #3911]  INFO -- : 0:  posix-spawn (0.3.8) from /home/philip/.rvm/gems/ruby-2.0.0-p353/specifications/posix-spawn-0.3.8.gemspec
I, [2014-04-21T15:50:34.820586 #3911]  INFO -- : 0:  yajl-ruby (1.1.0) from /home/philip/.rvm/gems/ruby-2.0.0-p353/specifications/yajl-ruby-1.1.0.gemspec
I, [2014-04-21T15:50:34.822103 #3911]  INFO -- : 0:  pygments.rb (0.5.4) from /home/philip/.rvm/gems/ruby-2.0.0-p353/specifications/pygments.rb-0.5.4.gemspec
I, [2014-04-21T15:50:34.824178 #3911]  INFO -- : 0:  redcarpet (2.3.0) from /home/philip/.rvm/gems/ruby-2.0.0-p353/specifications/redcarpet-2.3.0.gemspec
I, [2014-04-21T15:50:34.826559 #3911]  INFO -- : 0:  safe_yaml (1.0.2) from /home/philip/.rvm/gems/ruby-2.0.0-p353/specifications/safe_yaml-1.0.2.gemspec
I, [2014-04-21T15:50:34.828706 #3911]  INFO -- : 0:  parslet (1.5.0) from /home/philip/.rvm/gems/ruby-2.0.0-p353/specifications/parslet-1.5.0.gemspec
I, [2014-04-21T15:50:34.830798 #3911]  INFO -- : 0:  toml (0.1.1) from /home/philip/.rvm/gems/ruby-2.0.0-p353/specifications/toml-0.1.1.gemspec
I, [2014-04-21T15:50:34.835572 #3911]  INFO -- : 0:  jekyll (1.5.1) from /home/philip/.rvm/gems/ruby-2.0.0-p353/specifications/jekyll-1.5.1.gemspec
I, [2014-04-21T15:50:38.280630 #3911]  INFO -- : 0:  mini_portile (0.5.3) from /home/philip/.rvm/gems/ruby-2.0.0-p353/specifications/mini_portile-0.5.3.gemspec
I, [2014-04-21T15:50:38.282334 #3911]  INFO -- : 0:  nokogiri (1.6.1) from /home/philip/.rvm/gems/ruby-2.0.0-p353/specifications/nokogiri-1.6.1.gemspec
I, [2014-04-21T15:50:42.855098 #3911]  INFO -- : 0:  html-pipeline (1.5.0) from /home/philip/.rvm/gems/ruby-2.0.0-p353/specifications/html-pipeline-1.5.0.gemspec
I, [2014-04-21T15:50:49.708197 #3911]  INFO -- : 0:  jekyll-mentions (0.0.6) from /home/philip/.rvm/gems/ruby-2.0.0-p353/specifications/jekyll-mentions-0.0.6.gemspec
I, [2014-04-21T15:50:53.457560 #3911]  INFO -- : 0:  jekyll-redirect-from (0.3.1) from /home/philip/.rvm/gems/ruby-2.0.0-p353/specifications/jekyll-redirect-from-0.3.1.gemspec
I, [2014-04-21T15:50:59.075419 #3911]  INFO -- : 0:  jemoji (0.1.0) from /home/philip/.rvm/gems/ruby-2.0.0-p353/specifications/jemoji-0.1.0.gemspec
I, [2014-04-21T15:51:05.979451 #3911]  INFO -- : 0:  kramdown (1.3.1) from /home/philip/.rvm/gems/ruby-2.0.0-p353/specifications/kramdown-1.3.1.gemspec
I, [2014-04-21T15:51:34.386124 #3911]  INFO -- : 0:  rdiscount (2.1.7) from /home/philip/.rvm/gems/ruby-2.0.0-p353/specifications/rdiscount-2.1.7.gemspec
I, [2014-04-21T15:51:37.307410 #3911]  INFO -- : 0:  github-pages (17) from /home/philip/.rvm/gems/ruby-2.0.0-p353/specifications/github-pages-17.gemspec
I, [2014-04-21T15:51:37.310142 #3911]  INFO -- : 0:  bundler (1.5.1) from /home/philip/.rvm/gems/ruby-2.0.0-p353/specifications/bundler-1.5.1.gemspec
